[2024-01-31 23:56:05] Formulario de contacto enviado por: Pablo Cattolica
HELLO TEST[2024-01-31 23:58:57] Formulario de contacto enviado por: PEdro
[2024-02-01 00:02:38] Formulario de contacto enviado por: Laura
Correo Electrónico: lau2q@cccc.com
Asunto: TEst3
Mensaje:

[2024-02-01 00:06:56] Formulario de contacto enviado por: Pablo Cattolica
Correo Electrónico: pcattolica@gmail.com
Asunto: asdasd
Mensaje:

[2024-02-01 00:07:30] Formulario de contacto enviado por: enzo
Correo Electrónico: jjjj@river.com
Asunto: francescoill
Mensaje:

[2024-02-01 00:13:57] Formulario de contacto enviado por: perez
Correo Electrónico: peepepe@perezh.com
Asunto: Burger
Mensaje: 
[2024-02-01 00:15:49] Formulario de contacto enviado por: z
Correo Electrónico: adasda@asdasd.com
Asunto: zeta
Mensaje: 
[2024-02-01 00:26:06] Formulario de contacto enviado por: jjjj
Correo Electrónico: jjj@comm.com
Asunto: popopo
Mensaje: 
[2024-02-01 00:31:48] Formulario de contacto enviado por: gogogo
Correo Electrónico: ga@asdasd.com
Asunto: GOGO
Mensaje: 
[2024-02-01 00:33:48] Formulario de contacto enviado por: glog
Correo Electrónico: globo@huracan.com
Asunto: huracan campeon
Mensaje: 
[2024-02-01 15:05:25] Formulario de contacto enviado por: dddd
Correo Electrónico: dddd@asdasd.com
Asunto: ddddddd
Mensaje: 
[2024-02-01 15:06:49] Formulario de contacto enviado por: nnnn
Correo Electrónico: nnnq2@hhh.com
Asunto: JJJJ
Mensaje: 
[2024-02-01 15:10:46] Formulario de contacto enviado por: MARIA BELEN ALVAREZ FERNANDEZ
Correo Electrónico: pcattolica@gmail.com
Asunto: francescoill
Mensaje: 
[2024-02-01 15:14:32] Formulario de contacto enviado por: wan
Correo Electrónico: pelet@asdasd.com
Asunto: PELE
Mensaje: 
[2024-02-01 15:39:35] Formulario de contacto enviado por: PABLO M
Correo Electrónico: pcattolica@gmail.com
Asunto: francescoill
Mensaje: DDDDD
[2024-02-01 15:41:30] Formulario de contacto enviado por: PC
Correo Electrónico: pcattolica@gmail.com
Asunto: TEst3
Mensaje: zzzzzzz
